{"C:\\Users\\ajaya\\Documents\\LaFosse\\Lap2\\FlorinConnect\\Back-End\\FlorinConnect_server\\controllers\\authContollers.js": {"path":"C:\\Users\\ajaya\\Documents\\LaFosse\\Lap2\\FlorinConnect\\Back-End\\FlorinConnect_server\\controllers\\authContollers.js","statementMap":{"0":{"start":{"line":1,"column":13},"end":{"line":1,"column":38}},"1":{"start":{"line":2,"column":14},"end":{"line":2,"column":40}},"2":{"start":{"line":3,"column":12},"end":{"line":3,"column":35}},"3":{"start":{"line":4,"column":0},"end":{"line":4,"column":27}},"4":{"start":{"line":6,"column":20},"end":{"line":38,"column":1}},"5":{"start":{"line":7,"column":33},"end":{"line":7,"column":41}},"6":{"start":{"line":8,"column":19},"end":{"line":8,"column":51}},"7":{"start":{"line":9,"column":17},"end":{"line":9,"column":54}},"8":{"start":{"line":10,"column":2},"end":{"line":37,"column":3}},"9":{"start":{"line":11,"column":24},"end":{"line":15,"column":5}},"10":{"start":{"line":16,"column":25},"end":{"line":20,"column":5}},"11":{"start":{"line":23,"column":31},"end":{"line":23,"column":74}},"12":{"start":{"line":24,"column":4},"end":{"line":26,"column":5}},"13":{"start":{"line":25,"column":6},"end":{"line":25,"column":44}},"14":{"start":{"line":27,"column":4},"end":{"line":32,"column":7}},"15":{"start":{"line":34,"column":4},"end":{"line":34,"column":43}},"16":{"start":{"line":36,"column":4},"end":{"line":36,"column":24}},"17":{"start":{"line":40,"column":0},"end":{"line":40,"column":33}}},"fnMap":{"0":{"name":"(anonymous_0)","decl":{"start":{"line":6,"column":20},"end":{"line":6,"column":21}},"loc":{"start":{"line":6,"column":40},"end":{"line":38,"column":1}},"line":6}},"branchMap":{"0":{"loc":{"start":{"line":10,"column":2},"end":{"line":37,"column":3}},"type":"if","locations":[{"start":{"line":10,"column":2},"end":{"line":37,"column":3}},{"start":{"line":35,"column":9},"end":{"line":37,"column":3}}],"line":10},"1":{"loc":{"start":{"line":24,"column":4},"end":{"line":26,"column":5}},"type":"if","locations":[{"start":{"line":24,"column":4},"end":{"line":26,"column":5}},{"start":{},"end":{}}],"line":24}},"s":{"0":1,"1":1,"2":1,"3":1,"4":1,"5":1,"6":0,"7":0,"8":0,"9":0,"10":0,"11":0,"12":0,"13":0,"14":0,"15":0,"16":0,"17":1},"f":{"0":1},"b":{"0":[0,0],"1":[0,0]},"_coverageSchema":"1a1c01bbd47fc00a2c39e90264f33305004495a9","hash":"f28809d8fbb1128362943b60bb2afc55c56190a4"}
,"C:\\Users\\ajaya\\Documents\\LaFosse\\Lap2\\FlorinConnect\\Back-End\\FlorinConnect_server\\database\\db.js": {"path":"C:\\Users\\ajaya\\Documents\\LaFosse\\Lap2\\FlorinConnect\\Back-End\\FlorinConnect_server\\database\\db.js","statementMap":{"0":{"start":{"line":1,"column":17},"end":{"line":1,"column":30}},"1":{"start":{"line":3,"column":11},"end":{"line":5,"column":2}},"2":{"start":{"line":7,"column":0},"end":{"line":7,"column":41}},"3":{"start":{"line":9,"column":0},"end":{"line":9,"column":20}}},"fnMap":{},"branchMap":{},"s":{"0":1,"1":1,"2":1,"3":1},"f":{},"b":{},"_coverageSchema":"1a1c01bbd47fc00a2c39e90264f33305004495a9","hash":"a4d9d364aec15a8094e42e2d98eb04f920d1deba"}
,"C:\\Users\\ajaya\\Documents\\LaFosse\\Lap2\\FlorinConnect\\Back-End\\FlorinConnect_server\\models\\User.js": {"path":"C:\\Users\\ajaya\\Documents\\LaFosse\\Lap2\\FlorinConnect\\Back-End\\FlorinConnect_server\\models\\User.js","statementMap":{"0":{"start":{"line":1,"column":11},"end":{"line":1,"column":36}},"1":{"start":{"line":5,"column":2},"end":{"line":5,"column":20}},"2":{"start":{"line":6,"column":2},"end":{"line":6,"column":27}},"3":{"start":{"line":7,"column":2},"end":{"line":7,"column":27}},"4":{"start":{"line":8,"column":2},"end":{"line":8,"column":21}},"5":{"start":{"line":12,"column":19},"end":{"line":12,"column":56}},"6":{"start":{"line":13,"column":2},"end":{"line":15,"column":3}},"7":{"start":{"line":14,"column":3},"end":{"line":14,"column":44}},"8":{"start":{"line":16,"column":2},"end":{"line":16,"column":47}},"9":{"start":{"line":16,"column":34},"end":{"line":16,"column":45}},"10":{"start":{"line":20,"column":19},"end":{"line":20,"column":81}},"11":{"start":{"line":22,"column":2},"end":{"line":24,"column":3}},"12":{"start":{"line":23,"column":3},"end":{"line":23,"column":51}},"13":{"start":{"line":25,"column":2},"end":{"line":25,"column":36}},"14":{"start":{"line":29,"column":19},"end":{"line":29,"column":89}},"15":{"start":{"line":31,"column":2},"end":{"line":33,"column":3}},"16":{"start":{"line":32,"column":3},"end":{"line":32,"column":57}},"17":{"start":{"line":34,"column":2},"end":{"line":34,"column":36}},"18":{"start":{"line":38,"column":19},"end":{"line":38,"column":76}},"19":{"start":{"line":40,"column":2},"end":{"line":42,"column":3}},"20":{"start":{"line":41,"column":3},"end":{"line":41,"column":61}},"21":{"start":{"line":44,"column":2},"end":{"line":44,"column":23}},"22":{"start":{"line":48,"column":33},"end":{"line":48,"column":37}},"23":{"start":{"line":49,"column":19},"end":{"line":49,"column":132}},"24":{"start":{"line":50,"column":16},"end":{"line":50,"column":40}},"25":{"start":{"line":51,"column":18},"end":{"line":51,"column":46}},"26":{"start":{"line":52,"column":2},"end":{"line":52,"column":17}},"27":{"start":{"line":57,"column":35},"end":{"line":57,"column":39}},"28":{"start":{"line":58,"column":21},"end":{"line":61,"column":5}},"29":{"start":{"line":63,"column":4},"end":{"line":65,"column":5}},"30":{"start":{"line":64,"column":6},"end":{"line":64,"column":23}},"31":{"start":{"line":66,"column":4},"end":{"line":66,"column":38}},"32":{"start":{"line":71,"column":19},"end":{"line":71,"column":113}},"33":{"start":{"line":73,"column":2},"end":{"line":75,"column":3}},"34":{"start":{"line":74,"column":3},"end":{"line":74,"column":48}},"35":{"start":{"line":76,"column":2},"end":{"line":76,"column":36}},"36":{"start":{"line":80,"column":19},"end":{"line":80,"column":103}},"37":{"start":{"line":82,"column":2},"end":{"line":84,"column":3}},"38":{"start":{"line":83,"column":3},"end":{"line":83,"column":48}},"39":{"start":{"line":85,"column":2},"end":{"line":85,"column":36}},"40":{"start":{"line":89,"column":0},"end":{"line":89,"column":22}}},"fnMap":{"0":{"name":"(anonymous_0)","decl":{"start":{"line":4,"column":1},"end":{"line":4,"column":2}},"loc":{"start":{"line":4,"column":53},"end":{"line":9,"column":2}},"line":4},"1":{"name":"(anonymous_1)","decl":{"start":{"line":11,"column":1},"end":{"line":11,"column":2}},"loc":{"start":{"line":11,"column":23},"end":{"line":17,"column":2}},"line":11},"2":{"name":"(anonymous_2)","decl":{"start":{"line":16,"column":27},"end":{"line":16,"column":28}},"loc":{"start":{"line":16,"column":34},"end":{"line":16,"column":45}},"line":16},"3":{"name":"(anonymous_3)","decl":{"start":{"line":19,"column":1},"end":{"line":19,"column":2}},"loc":{"start":{"line":19,"column":29},"end":{"line":26,"column":2}},"line":19},"4":{"name":"(anonymous_4)","decl":{"start":{"line":28,"column":1},"end":{"line":28,"column":2}},"loc":{"start":{"line":28,"column":41},"end":{"line":35,"column":2}},"line":28},"5":{"name":"(anonymous_5)","decl":{"start":{"line":37,"column":1},"end":{"line":37,"column":2}},"loc":{"start":{"line":37,"column":25},"end":{"line":45,"column":2}},"line":37},"6":{"name":"(anonymous_6)","decl":{"start":{"line":47,"column":1},"end":{"line":47,"column":2}},"loc":{"start":{"line":47,"column":27},"end":{"line":53,"column":2}},"line":47},"7":{"name":"(anonymous_7)","decl":{"start":{"line":56,"column":2},"end":{"line":56,"column":3}},"loc":{"start":{"line":56,"column":33},"end":{"line":67,"column":3}},"line":56},"8":{"name":"(anonymous_8)","decl":{"start":{"line":69,"column":1},"end":{"line":69,"column":2}},"loc":{"start":{"line":69,"column":20},"end":{"line":77,"column":2}},"line":69},"9":{"name":"(anonymous_9)","decl":{"start":{"line":79,"column":1},"end":{"line":79,"column":2}},"loc":{"start":{"line":79,"column":17},"end":{"line":86,"column":2}},"line":79}},"branchMap":{"0":{"loc":{"start":{"line":13,"column":2},"end":{"line":15,"column":3}},"type":"if","locations":[{"start":{"line":13,"column":2},"end":{"line":15,"column":3}},{"start":{},"end":{}}],"line":13},"1":{"loc":{"start":{"line":22,"column":2},"end":{"line":24,"column":3}},"type":"if","locations":[{"start":{"line":22,"column":2},"end":{"line":24,"column":3}},{"start":{},"end":{}}],"line":22},"2":{"loc":{"start":{"line":31,"column":2},"end":{"line":33,"column":3}},"type":"if","locations":[{"start":{"line":31,"column":2},"end":{"line":33,"column":3}},{"start":{},"end":{}}],"line":31},"3":{"loc":{"start":{"line":40,"column":2},"end":{"line":42,"column":3}},"type":"if","locations":[{"start":{"line":40,"column":2},"end":{"line":42,"column":3}},{"start":{},"end":{}}],"line":40},"4":{"loc":{"start":{"line":63,"column":4},"end":{"line":65,"column":5}},"type":"if","locations":[{"start":{"line":63,"column":4},"end":{"line":65,"column":5}},{"start":{},"end":{}}],"line":63},"5":{"loc":{"start":{"line":73,"column":2},"end":{"line":75,"column":3}},"type":"if","locations":[{"start":{"line":73,"column":2},"end":{"line":75,"column":3}},{"start":{},"end":{}}],"line":73},"6":{"loc":{"start":{"line":82,"column":2},"end":{"line":84,"column":3}},"type":"if","locations":[{"start":{"line":82,"column":2},"end":{"line":84,"column":3}},{"start":{},"end":{}}],"line":82}},"s":{"0":1,"1":0,"2":0,"3":0,"4":0,"5":0,"6":0,"7":0,"8":0,"9":0,"10":0,"11":0,"12":0,"13":0,"14":0,"15":0,"16":0,"17":0,"18":0,"19":0,"20":0,"21":0,"22":0,"23":0,"24":0,"25":0,"26":0,"27":0,"28":0,"29":0,"30":0,"31":0,"32":0,"33":0,"34":0,"35":0,"36":0,"37":0,"38":0,"39":0,"40":1},"f":{"0":0,"1":0,"2":0,"3":0,"4":0,"5":0,"6":0,"7":0,"8":0,"9":0},"b":{"0":[0,0],"1":[0,0],"2":[0,0],"3":[0,0],"4":[0,0],"5":[0,0],"6":[0,0]},"_coverageSchema":"1a1c01bbd47fc00a2c39e90264f33305004495a9","hash":"8c70c985460f8efe65acce5bca520f856c15660f"}
,"C:\\Users\\ajaya\\Documents\\LaFosse\\Lap2\\FlorinConnect\\Back-End\\FlorinConnect_server\\models\\token.js": {"path":"C:\\Users\\ajaya\\Documents\\LaFosse\\Lap2\\FlorinConnect\\Back-End\\FlorinConnect_server\\models\\token.js","statementMap":{"0":{"start":{"line":2,"column":12},"end":{"line":2,"column":35}},"1":{"start":{"line":4,"column":11},"end":{"line":4,"column":36}},"2":{"start":{"line":8,"column":4},"end":{"line":8,"column":23}},"3":{"start":{"line":9,"column":4},"end":{"line":9,"column":27}},"4":{"start":{"line":10,"column":4},"end":{"line":10,"column":23}},"5":{"start":{"line":14,"column":21},"end":{"line":14,"column":77}},"6":{"start":{"line":15,"column":4},"end":{"line":17,"column":5}},"7":{"start":{"line":16,"column":6},"end":{"line":16,"column":44}},"8":{"start":{"line":19,"column":4},"end":{"line":19,"column":50}},"9":{"start":{"line":19,"column":36},"end":{"line":19,"column":48}},"10":{"start":{"line":46,"column":21},"end":{"line":49,"column":5}},"11":{"start":{"line":50,"column":4},"end":{"line":50,"column":28}},"12":{"start":{"line":55,"column":21},"end":{"line":58,"column":5}},"13":{"start":{"line":59,"column":4},"end":{"line":63,"column":5}},"14":{"start":{"line":60,"column":6},"end":{"line":60,"column":49}},"15":{"start":{"line":62,"column":6},"end":{"line":62,"column":41}},"16":{"start":{"line":67,"column":21},"end":{"line":69,"column":6}},"17":{"start":{"line":70,"column":4},"end":{"line":74,"column":5}},"18":{"start":{"line":71,"column":6},"end":{"line":71,"column":49}},"19":{"start":{"line":73,"column":6},"end":{"line":73,"column":41}},"20":{"start":{"line":79,"column":21},"end":{"line":82,"column":5}},"21":{"start":{"line":84,"column":4},"end":{"line":86,"column":5}},"22":{"start":{"line":85,"column":6},"end":{"line":85,"column":49}},"23":{"start":{"line":87,"column":4},"end":{"line":87,"column":28}},"24":{"start":{"line":92,"column":21},"end":{"line":94,"column":6}},"25":{"start":{"line":96,"column":4},"end":{"line":96,"column":25}},"26":{"start":{"line":100,"column":35},"end":{"line":100,"column":39}},"27":{"start":{"line":102,"column":21},"end":{"line":105,"column":5}},"28":{"start":{"line":106,"column":4},"end":{"line":110,"column":5}},"29":{"start":{"line":107,"column":6},"end":{"line":107,"column":49}},"30":{"start":{"line":109,"column":6},"end":{"line":109,"column":41}},"31":{"start":{"line":114,"column":0},"end":{"line":114,"column":23}}},"fnMap":{"0":{"name":"(anonymous_0)","decl":{"start":{"line":7,"column":2},"end":{"line":7,"column":3}},"loc":{"start":{"line":7,"column":44},"end":{"line":11,"column":3}},"line":7},"1":{"name":"(anonymous_1)","decl":{"start":{"line":13,"column":2},"end":{"line":13,"column":3}},"loc":{"start":{"line":13,"column":24},"end":{"line":20,"column":3}},"line":13},"2":{"name":"(anonymous_2)","decl":{"start":{"line":19,"column":29},"end":{"line":19,"column":30}},"loc":{"start":{"line":19,"column":36},"end":{"line":19,"column":48}},"line":19},"3":{"name":"(anonymous_3)","decl":{"start":{"line":23,"column":2},"end":{"line":23,"column":3}},"loc":{"start":{"line":23,"column":38},"end":{"line":51,"column":3}},"line":23},"4":{"name":"(anonymous_4)","decl":{"start":{"line":54,"column":2},"end":{"line":54,"column":3}},"loc":{"start":{"line":54,"column":30},"end":{"line":64,"column":3}},"line":54},"5":{"name":"(anonymous_5)","decl":{"start":{"line":66,"column":2},"end":{"line":66,"column":3}},"loc":{"start":{"line":66,"column":36},"end":{"line":75,"column":3}},"line":66},"6":{"name":"(anonymous_6)","decl":{"start":{"line":78,"column":2},"end":{"line":78,"column":3}},"loc":{"start":{"line":78,"column":31},"end":{"line":88,"column":3}},"line":78},"7":{"name":"(anonymous_7)","decl":{"start":{"line":91,"column":2},"end":{"line":91,"column":3}},"loc":{"start":{"line":91,"column":29},"end":{"line":97,"column":3}},"line":91},"8":{"name":"(anonymous_8)","decl":{"start":{"line":99,"column":2},"end":{"line":99,"column":3}},"loc":{"start":{"line":99,"column":33},"end":{"line":111,"column":3}},"line":99}},"branchMap":{"0":{"loc":{"start":{"line":15,"column":4},"end":{"line":17,"column":5}},"type":"if","locations":[{"start":{"line":15,"column":4},"end":{"line":17,"column":5}},{"start":{},"end":{}}],"line":15},"1":{"loc":{"start":{"line":59,"column":4},"end":{"line":63,"column":5}},"type":"if","locations":[{"start":{"line":59,"column":4},"end":{"line":63,"column":5}},{"start":{"line":61,"column":11},"end":{"line":63,"column":5}}],"line":59},"2":{"loc":{"start":{"line":70,"column":4},"end":{"line":74,"column":5}},"type":"if","locations":[{"start":{"line":70,"column":4},"end":{"line":74,"column":5}},{"start":{"line":72,"column":11},"end":{"line":74,"column":5}}],"line":70},"3":{"loc":{"start":{"line":84,"column":4},"end":{"line":86,"column":5}},"type":"if","locations":[{"start":{"line":84,"column":4},"end":{"line":86,"column":5}},{"start":{},"end":{}}],"line":84},"4":{"loc":{"start":{"line":106,"column":4},"end":{"line":110,"column":5}},"type":"if","locations":[{"start":{"line":106,"column":4},"end":{"line":110,"column":5}},{"start":{"line":108,"column":11},"end":{"line":110,"column":5}}],"line":106}},"s":{"0":1,"1":1,"2":0,"3":0,"4":0,"5":0,"6":0,"7":0,"8":0,"9":0,"10":0,"11":0,"12":0,"13":0,"14":0,"15":0,"16":0,"17":0,"18":0,"19":0,"20":0,"21":0,"22":0,"23":0,"24":0,"25":0,"26":0,"27":0,"28":0,"29":0,"30":0,"31":1},"f":{"0":0,"1":0,"2":0,"3":0,"4":0,"5":0,"6":0,"7":0,"8":0},"b":{"0":[0,0],"1":[0,0],"2":[0,0],"3":[0,0],"4":[0,0]},"_coverageSchema":"1a1c01bbd47fc00a2c39e90264f33305004495a9","hash":"18f08c1165d47499a252bf0ab1b5cb9bd7963e56"}
}
