{"C:\\Users\\ajaya\\Documents\\LaFosse\\Lap2\\FlorinConnect\\Back-End\\FlorinConnect_server\\app.js": {"path":"C:\\Users\\ajaya\\Documents\\LaFosse\\Lap2\\FlorinConnect\\Back-End\\FlorinConnect_server\\app.js","statementMap":{"0":{"start":{"line":1,"column":16},"end":{"line":1,"column":34}},"1":{"start":{"line":2,"column":13},"end":{"line":2,"column":28}},"2":{"start":{"line":6,"column":20},"end":{"line":6,"column":52}},"3":{"start":{"line":7,"column":19},"end":{"line":7,"column":51}},"4":{"start":{"line":12,"column":12},"end":{"line":12,"column":21}},"5":{"start":{"line":24,"column":0},"end":{"line":24,"column":16}},"6":{"start":{"line":25,"column":0},"end":{"line":25,"column":24}},"7":{"start":{"line":34,"column":0},"end":{"line":41,"column":3}},"8":{"start":{"line":35,"column":2},"end":{"line":39,"column":5}},"9":{"start":{"line":40,"column":2},"end":{"line":40,"column":33}},"10":{"start":{"line":46,"column":0},"end":{"line":46,"column":31}},"11":{"start":{"line":47,"column":0},"end":{"line":47,"column":30}},"12":{"start":{"line":49,"column":0},"end":{"line":49,"column":21}}},"fnMap":{"0":{"name":"(anonymous_0)","decl":{"start":{"line":34,"column":13},"end":{"line":34,"column":14}},"loc":{"start":{"line":34,"column":27},"end":{"line":41,"column":1}},"line":34}},"branchMap":{},"s":{"0":1,"1":1,"2":1,"3":1,"4":1,"5":1,"6":1,"7":1,"8":0,"9":0,"10":1,"11":1,"12":1},"f":{"0":0},"b":{},"_coverageSchema":"1a1c01bbd47fc00a2c39e90264f33305004495a9","hash":"392b2a94ea9f49801ee8f86643a962b7ceaa12ed"}
,"C:\\Users\\ajaya\\Documents\\LaFosse\\Lap2\\FlorinConnect\\Back-End\\FlorinConnect_server\\controllers\\postsControllers.js": {"path":"C:\\Users\\ajaya\\Documents\\LaFosse\\Lap2\\FlorinConnect\\Back-End\\FlorinConnect_server\\controllers\\postsControllers.js","statementMap":{"0":{"start":{"line":1,"column":13},"end":{"line":1,"column":38}},"1":{"start":{"line":4,"column":2},"end":{"line":9,"column":3}},"2":{"start":{"line":5,"column":18},"end":{"line":5,"column":37}},"3":{"start":{"line":6,"column":4},"end":{"line":6,"column":32}},"4":{"start":{"line":8,"column":4},"end":{"line":8,"column":49}},"5":{"start":{"line":13,"column":2},"end":{"line":19,"column":3}},"6":{"start":{"line":14,"column":15},"end":{"line":14,"column":38}},"7":{"start":{"line":15,"column":17},"end":{"line":15,"column":42}},"8":{"start":{"line":16,"column":4},"end":{"line":16,"column":31}},"9":{"start":{"line":18,"column":4},"end":{"line":18,"column":49}},"10":{"start":{"line":23,"column":2},"end":{"line":30,"column":3}},"11":{"start":{"line":24,"column":17},"end":{"line":24,"column":32}},"12":{"start":{"line":25,"column":4},"end":{"line":25,"column":22}},"13":{"start":{"line":26,"column":18},"end":{"line":26,"column":49}},"14":{"start":{"line":27,"column":4},"end":{"line":27,"column":32}},"15":{"start":{"line":29,"column":4},"end":{"line":29,"column":49}},"16":{"start":{"line":35,"column":2},"end":{"line":41,"column":3}},"17":{"start":{"line":36,"column":21},"end":{"line":36,"column":31}},"18":{"start":{"line":37,"column":18},"end":{"line":37,"column":45}},"19":{"start":{"line":38,"column":4},"end":{"line":38,"column":32}},"20":{"start":{"line":40,"column":4},"end":{"line":40,"column":51}},"21":{"start":{"line":46,"column":2},"end":{"line":52,"column":3}},"22":{"start":{"line":47,"column":35},"end":{"line":47,"column":45}},"23":{"start":{"line":48,"column":18},"end":{"line":48,"column":65}},"24":{"start":{"line":49,"column":4},"end":{"line":49,"column":32}},"25":{"start":{"line":51,"column":4},"end":{"line":51,"column":51}},"26":{"start":{"line":57,"column":2},"end":{"line":63,"column":3}},"27":{"start":{"line":58,"column":21},"end":{"line":58,"column":31}},"28":{"start":{"line":59,"column":18},"end":{"line":59,"column":45}},"29":{"start":{"line":60,"column":4},"end":{"line":60,"column":32}},"30":{"start":{"line":62,"column":4},"end":{"line":62,"column":51}},"31":{"start":{"line":67,"column":2},"end":{"line":72,"column":3}},"32":{"start":{"line":68,"column":18},"end":{"line":68,"column":41}},"33":{"start":{"line":69,"column":4},"end":{"line":69,"column":32}},"34":{"start":{"line":71,"column":4},"end":{"line":71,"column":49}},"35":{"start":{"line":76,"column":2},"end":{"line":81,"column":3}},"36":{"start":{"line":77,"column":18},"end":{"line":77,"column":45}},"37":{"start":{"line":78,"column":4},"end":{"line":78,"column":32}},"38":{"start":{"line":80,"column":4},"end":{"line":80,"column":49}},"39":{"start":{"line":85,"column":2},"end":{"line":90,"column":3}},"40":{"start":{"line":86,"column":18},"end":{"line":86,"column":46}},"41":{"start":{"line":87,"column":4},"end":{"line":87,"column":32}},"42":{"start":{"line":89,"column":4},"end":{"line":89,"column":49}},"43":{"start":{"line":94,"column":2},"end":{"line":108,"column":3}},"44":{"start":{"line":95,"column":17},"end":{"line":95,"column":44}},"45":{"start":{"line":96,"column":4},"end":{"line":104,"column":6}},"46":{"start":{"line":105,"column":4},"end":{"line":105,"column":31}},"47":{"start":{"line":107,"column":4},"end":{"line":107,"column":49}},"48":{"start":{"line":112,"column":2},"end":{"line":128,"column":3}},"49":{"start":{"line":113,"column":15},"end":{"line":113,"column":38}},"50":{"start":{"line":114,"column":17},"end":{"line":114,"column":42}},"51":{"start":{"line":116,"column":4},"end":{"line":116,"column":46}},"52":{"start":{"line":117,"column":4},"end":{"line":117,"column":52}},"53":{"start":{"line":118,"column":4},"end":{"line":118,"column":55}},"54":{"start":{"line":119,"column":4},"end":{"line":119,"column":43}},"55":{"start":{"line":120,"column":4},"end":{"line":120,"column":55}},"56":{"start":{"line":121,"column":4},"end":{"line":121,"column":58}},"57":{"start":{"line":122,"column":4},"end":{"line":122,"column":73}},"58":{"start":{"line":124,"column":19},"end":{"line":124,"column":42}},"59":{"start":{"line":125,"column":4},"end":{"line":125,"column":33}},"60":{"start":{"line":127,"column":4},"end":{"line":127,"column":49}},"61":{"start":{"line":132,"column":2},"end":{"line":140,"column":3}},"62":{"start":{"line":133,"column":15},"end":{"line":133,"column":38}},"63":{"start":{"line":135,"column":19},"end":{"line":135,"column":46}},"64":{"start":{"line":136,"column":4},"end":{"line":136,"column":20}},"65":{"start":{"line":137,"column":4},"end":{"line":137,"column":21}},"66":{"start":{"line":139,"column":4},"end":{"line":139,"column":49}},"67":{"start":{"line":144,"column":2},"end":{"line":150,"column":3}},"68":{"start":{"line":145,"column":15},"end":{"line":145,"column":38}},"69":{"start":{"line":146,"column":19},"end":{"line":146,"column":41}},"70":{"start":{"line":147,"column":4},"end":{"line":147,"column":21}},"71":{"start":{"line":149,"column":4},"end":{"line":149,"column":49}},"72":{"start":{"line":153,"column":0},"end":{"line":167,"column":2}}},"fnMap":{"0":{"name":"index","decl":{"start":{"line":3,"column":15},"end":{"line":3,"column":20}},"loc":{"start":{"line":3,"column":31},"end":{"line":10,"column":1}},"line":3},"1":{"name":"show","decl":{"start":{"line":12,"column":15},"end":{"line":12,"column":19}},"loc":{"start":{"line":12,"column":30},"end":{"line":20,"column":1}},"line":12},"2":{"name":"getByCategory","decl":{"start":{"line":22,"column":15},"end":{"line":22,"column":28}},"loc":{"start":{"line":22,"column":39},"end":{"line":31,"column":1}},"line":22},"3":{"name":"getByDate","decl":{"start":{"line":34,"column":15},"end":{"line":34,"column":24}},"loc":{"start":{"line":34,"column":35},"end":{"line":42,"column":1}},"line":34},"4":{"name":"getBetweenDates","decl":{"start":{"line":45,"column":15},"end":{"line":45,"column":30}},"loc":{"start":{"line":45,"column":41},"end":{"line":53,"column":1}},"line":45},"5":{"name":"getByWord","decl":{"start":{"line":56,"column":15},"end":{"line":56,"column":24}},"loc":{"start":{"line":56,"column":35},"end":{"line":64,"column":1}},"line":56},"6":{"name":"getByOpen","decl":{"start":{"line":66,"column":15},"end":{"line":66,"column":24}},"loc":{"start":{"line":66,"column":35},"end":{"line":73,"column":1}},"line":66},"7":{"name":"getByAccepted","decl":{"start":{"line":75,"column":15},"end":{"line":75,"column":28}},"loc":{"start":{"line":75,"column":39},"end":{"line":82,"column":1}},"line":75},"8":{"name":"getByCompleted","decl":{"start":{"line":84,"column":15},"end":{"line":84,"column":29}},"loc":{"start":{"line":84,"column":40},"end":{"line":91,"column":1}},"line":84},"9":{"name":"create","decl":{"start":{"line":93,"column":15},"end":{"line":93,"column":21}},"loc":{"start":{"line":93,"column":32},"end":{"line":109,"column":1}},"line":93},"10":{"name":"update","decl":{"start":{"line":111,"column":15},"end":{"line":111,"column":21}},"loc":{"start":{"line":111,"column":32},"end":{"line":129,"column":1}},"line":111},"11":{"name":"changeStatus","decl":{"start":{"line":131,"column":15},"end":{"line":131,"column":27}},"loc":{"start":{"line":131,"column":38},"end":{"line":141,"column":1}},"line":131},"12":{"name":"destroy","decl":{"start":{"line":143,"column":15},"end":{"line":143,"column":22}},"loc":{"start":{"line":143,"column":33},"end":{"line":151,"column":1}},"line":143}},"branchMap":{"0":{"loc":{"start":{"line":116,"column":17},"end":{"line":116,"column":45}},"type":"binary-expr","locations":[{"start":{"line":116,"column":17},"end":{"line":116,"column":31}},{"start":{"line":116,"column":35},"end":{"line":116,"column":45}}],"line":116},"1":{"loc":{"start":{"line":117,"column":19},"end":{"line":117,"column":51}},"type":"binary-expr","locations":[{"start":{"line":117,"column":19},"end":{"line":117,"column":35}},{"start":{"line":117,"column":39},"end":{"line":117,"column":51}}],"line":117},"2":{"loc":{"start":{"line":118,"column":20},"end":{"line":118,"column":54}},"type":"binary-expr","locations":[{"start":{"line":118,"column":20},"end":{"line":118,"column":37}},{"start":{"line":118,"column":41},"end":{"line":118,"column":54}}],"line":118},"3":{"loc":{"start":{"line":119,"column":16},"end":{"line":119,"column":42}},"type":"binary-expr","locations":[{"start":{"line":119,"column":16},"end":{"line":119,"column":29}},{"start":{"line":119,"column":33},"end":{"line":119,"column":42}}],"line":119},"4":{"loc":{"start":{"line":120,"column":20},"end":{"line":120,"column":54}},"type":"binary-expr","locations":[{"start":{"line":120,"column":20},"end":{"line":120,"column":37}},{"start":{"line":120,"column":41},"end":{"line":120,"column":54}}],"line":120},"5":{"loc":{"start":{"line":121,"column":21},"end":{"line":121,"column":57}},"type":"binary-expr","locations":[{"start":{"line":121,"column":21},"end":{"line":121,"column":39}},{"start":{"line":121,"column":43},"end":{"line":121,"column":57}}],"line":121},"6":{"loc":{"start":{"line":122,"column":26},"end":{"line":122,"column":72}},"type":"binary-expr","locations":[{"start":{"line":122,"column":26},"end":{"line":122,"column":49}},{"start":{"line":122,"column":53},"end":{"line":122,"column":72}}],"line":122}},"s":{"0":1,"1":0,"2":0,"3":0,"4":0,"5":0,"6":0,"7":0,"8":0,"9":0,"10":0,"11":0,"12":0,"13":0,"14":0,"15":0,"16":0,"17":0,"18":0,"19":0,"20":0,"21":0,"22":0,"23":0,"24":0,"25":0,"26":0,"27":0,"28":0,"29":0,"30":0,"31":0,"32":0,"33":0,"34":0,"35":0,"36":0,"37":0,"38":0,"39":0,"40":0,"41":0,"42":0,"43":0,"44":0,"45":0,"46":0,"47":0,"48":0,"49":0,"50":0,"51":0,"52":0,"53":0,"54":0,"55":0,"56":0,"57":0,"58":0,"59":0,"60":0,"61":0,"62":0,"63":0,"64":0,"65":0,"66":0,"67":0,"68":0,"69":0,"70":0,"71":0,"72":1},"f":{"0":0,"1":0,"2":0,"3":0,"4":0,"5":0,"6":0,"7":0,"8":0,"9":0,"10":0,"11":0,"12":0},"b":{"0":[0,0],"1":[0,0],"2":[0,0],"3":[0,0],"4":[0,0],"5":[0,0],"6":[0,0]},"_coverageSchema":"1a1c01bbd47fc00a2c39e90264f33305004495a9","hash":"d34c63ff87cfa05d66b288eaae6eb9158037e41f"}
,"C:\\Users\\ajaya\\Documents\\LaFosse\\Lap2\\FlorinConnect\\Back-End\\FlorinConnect_server\\controllers\\usersController.js": {"path":"C:\\Users\\ajaya\\Documents\\LaFosse\\Lap2\\FlorinConnect\\Back-End\\FlorinConnect_server\\controllers\\usersController.js","statementMap":{"0":{"start":{"line":1,"column":15},"end":{"line":1,"column":32}},"1":{"start":{"line":2,"column":0},"end":{"line":2,"column":27}},"2":{"start":{"line":3,"column":13},"end":{"line":3,"column":38}},"3":{"start":{"line":4,"column":14},"end":{"line":4,"column":40}},"4":{"start":{"line":7,"column":1},"end":{"line":12,"column":2}},"5":{"start":{"line":8,"column":15},"end":{"line":8,"column":34}},"6":{"start":{"line":9,"column":2},"end":{"line":9,"column":29}},"7":{"start":{"line":11,"column":2},"end":{"line":11,"column":49}},"8":{"start":{"line":16,"column":1},"end":{"line":22,"column":2}},"9":{"start":{"line":17,"column":13},"end":{"line":17,"column":36}},"10":{"start":{"line":18,"column":15},"end":{"line":18,"column":40}},"11":{"start":{"line":19,"column":2},"end":{"line":19,"column":29}},"12":{"start":{"line":21,"column":2},"end":{"line":21,"column":49}},"13":{"start":{"line":26,"column":1},"end":{"line":32,"column":2}},"14":{"start":{"line":27,"column":19},"end":{"line":27,"column":38}},"15":{"start":{"line":28,"column":15},"end":{"line":28,"column":52}},"16":{"start":{"line":29,"column":2},"end":{"line":29,"column":29}},"17":{"start":{"line":31,"column":2},"end":{"line":31,"column":49}},"18":{"start":{"line":36,"column":1},"end":{"line":41,"column":2}},"19":{"start":{"line":37,"column":15},"end":{"line":37,"column":36}},"20":{"start":{"line":38,"column":2},"end":{"line":38,"column":29}},"21":{"start":{"line":40,"column":2},"end":{"line":40,"column":49}},"22":{"start":{"line":45,"column":1},"end":{"line":55,"column":2}},"23":{"start":{"line":46,"column":15},"end":{"line":46,"column":23}},"24":{"start":{"line":47,"column":15},"end":{"line":47,"column":77}},"25":{"start":{"line":48,"column":2},"end":{"line":48,"column":63}},"26":{"start":{"line":50,"column":15},"end":{"line":50,"column":38}},"27":{"start":{"line":51,"column":2},"end":{"line":51,"column":20}},"28":{"start":{"line":52,"column":2},"end":{"line":52,"column":29}},"29":{"start":{"line":54,"column":2},"end":{"line":54,"column":49}},"30":{"start":{"line":59,"column":1},"end":{"line":67,"column":2}},"31":{"start":{"line":60,"column":13},"end":{"line":60,"column":36}},"32":{"start":{"line":61,"column":15},"end":{"line":61,"column":29}},"33":{"start":{"line":62,"column":15},"end":{"line":62,"column":40}},"34":{"start":{"line":63,"column":22},"end":{"line":63,"column":45}},"35":{"start":{"line":64,"column":2},"end":{"line":64,"column":36}},"36":{"start":{"line":66,"column":2},"end":{"line":66,"column":49}},"37":{"start":{"line":70,"column":1},"end":{"line":83,"column":2}},"38":{"start":{"line":71,"column":15},"end":{"line":71,"column":23}},"39":{"start":{"line":72,"column":15},"end":{"line":72,"column":57}},"40":{"start":{"line":73,"column":24},"end":{"line":73,"column":77}},"41":{"start":{"line":74,"column":2},"end":{"line":80,"column":3}},"42":{"start":{"line":75,"column":3},"end":{"line":75,"column":45}},"43":{"start":{"line":77,"column":17},"end":{"line":77,"column":47}},"44":{"start":{"line":79,"column":3},"end":{"line":79,"column":69}},"45":{"start":{"line":82,"column":2},"end":{"line":82,"column":49}},"46":{"start":{"line":87,"column":1},"end":{"line":95,"column":2}},"47":{"start":{"line":88,"column":19},"end":{"line":88,"column":38}},"48":{"start":{"line":89,"column":15},"end":{"line":89,"column":52}},"49":{"start":{"line":90,"column":2},"end":{"line":90,"column":20}},"50":{"start":{"line":91,"column":17},"end":{"line":91,"column":37}},"51":{"start":{"line":92,"column":2},"end":{"line":92,"column":31}},"52":{"start":{"line":94,"column":2},"end":{"line":94,"column":49}},"53":{"start":{"line":98,"column":0},"end":{"line":107,"column":2}}},"fnMap":{"0":{"name":"index","decl":{"start":{"line":6,"column":15},"end":{"line":6,"column":20}},"loc":{"start":{"line":6,"column":31},"end":{"line":13,"column":1}},"line":6},"1":{"name":"showById","decl":{"start":{"line":15,"column":15},"end":{"line":15,"column":23}},"loc":{"start":{"line":15,"column":34},"end":{"line":23,"column":1}},"line":15},"2":{"name":"showByUsername","decl":{"start":{"line":25,"column":15},"end":{"line":25,"column":29}},"loc":{"start":{"line":25,"column":40},"end":{"line":33,"column":1}},"line":25},"3":{"name":"showAdmin","decl":{"start":{"line":35,"column":15},"end":{"line":35,"column":24}},"loc":{"start":{"line":35,"column":35},"end":{"line":42,"column":1}},"line":35},"4":{"name":"createUser","decl":{"start":{"line":44,"column":15},"end":{"line":44,"column":25}},"loc":{"start":{"line":44,"column":36},"end":{"line":56,"column":1}},"line":44},"5":{"name":"updateUser","decl":{"start":{"line":58,"column":15},"end":{"line":58,"column":25}},"loc":{"start":{"line":58,"column":36},"end":{"line":68,"column":1}},"line":58},"6":{"name":"verifyLogin","decl":{"start":{"line":69,"column":15},"end":{"line":69,"column":26}},"loc":{"start":{"line":69,"column":37},"end":{"line":84,"column":1}},"line":69},"7":{"name":"destroyUser","decl":{"start":{"line":86,"column":15},"end":{"line":86,"column":26}},"loc":{"start":{"line":86,"column":37},"end":{"line":96,"column":1}},"line":86}},"branchMap":{"0":{"loc":{"start":{"line":74,"column":2},"end":{"line":80,"column":3}},"type":"if","locations":[{"start":{"line":74,"column":2},"end":{"line":80,"column":3}},{"start":{"line":76,"column":9},"end":{"line":80,"column":3}}],"line":74}},"s":{"0":1,"1":1,"2":1,"3":1,"4":1,"5":1,"6":0,"7":1,"8":0,"9":0,"10":0,"11":0,"12":0,"13":0,"14":0,"15":0,"16":0,"17":0,"18":0,"19":0,"20":0,"21":0,"22":0,"23":0,"24":0,"25":0,"26":0,"27":0,"28":0,"29":0,"30":0,"31":0,"32":0,"33":0,"34":0,"35":0,"36":0,"37":0,"38":0,"39":0,"40":0,"41":0,"42":0,"43":0,"44":0,"45":0,"46":0,"47":0,"48":0,"49":0,"50":0,"51":0,"52":0,"53":1},"f":{"0":1,"1":0,"2":0,"3":0,"4":0,"5":0,"6":0,"7":0},"b":{"0":[0,0]},"_coverageSchema":"1a1c01bbd47fc00a2c39e90264f33305004495a9","hash":"a628ae0c31d5b1ec1249dafac0dee1a995af2aab"}
,"C:\\Users\\ajaya\\Documents\\LaFosse\\Lap2\\FlorinConnect\\Back-End\\FlorinConnect_server\\database\\db.js": {"path":"C:\\Users\\ajaya\\Documents\\LaFosse\\Lap2\\FlorinConnect\\Back-End\\FlorinConnect_server\\database\\db.js","statementMap":{"0":{"start":{"line":1,"column":17},"end":{"line":1,"column":30}},"1":{"start":{"line":3,"column":11},"end":{"line":5,"column":2}},"2":{"start":{"line":7,"column":0},"end":{"line":7,"column":41}},"3":{"start":{"line":9,"column":0},"end":{"line":9,"column":20}}},"fnMap":{},"branchMap":{},"s":{"0":1,"1":1,"2":1,"3":1},"f":{},"b":{},"_coverageSchema":"1a1c01bbd47fc00a2c39e90264f33305004495a9","hash":"a4d9d364aec15a8094e42e2d98eb04f920d1deba"}
,"C:\\Users\\ajaya\\Documents\\LaFosse\\Lap2\\FlorinConnect\\Back-End\\FlorinConnect_server\\models\\Post.js": {"path":"C:\\Users\\ajaya\\Documents\\LaFosse\\Lap2\\FlorinConnect\\Back-End\\FlorinConnect_server\\models\\Post.js","statementMap":{"0":{"start":{"line":1,"column":11},"end":{"line":1,"column":36}},"1":{"start":{"line":5,"column":2},"end":{"line":5,"column":20}},"2":{"start":{"line":6,"column":2},"end":{"line":6,"column":21}},"3":{"start":{"line":7,"column":2},"end":{"line":7,"column":25}},"4":{"start":{"line":8,"column":2},"end":{"line":8,"column":27}},"5":{"start":{"line":9,"column":2},"end":{"line":9,"column":104}},"6":{"start":{"line":10,"column":2},"end":{"line":10,"column":29}},"7":{"start":{"line":11,"column":2},"end":{"line":11,"column":19}},"8":{"start":{"line":12,"column":2},"end":{"line":12,"column":29}},"9":{"start":{"line":13,"column":2},"end":{"line":13,"column":27}},"10":{"start":{"line":14,"column":2},"end":{"line":14,"column":39}},"11":{"start":{"line":18,"column":19},"end":{"line":18,"column":84}},"12":{"start":{"line":19,"column":2},"end":{"line":21,"column":3}},"13":{"start":{"line":20,"column":3},"end":{"line":20,"column":42}},"14":{"start":{"line":22,"column":2},"end":{"line":22,"column":47}},"15":{"start":{"line":22,"column":34},"end":{"line":22,"column":45}},"16":{"start":{"line":26,"column":19},"end":{"line":26,"column":82}},"17":{"start":{"line":27,"column":2},"end":{"line":29,"column":3}},"18":{"start":{"line":28,"column":3},"end":{"line":28,"column":45}},"19":{"start":{"line":30,"column":2},"end":{"line":30,"column":36}},"20":{"start":{"line":34,"column":19},"end":{"line":34,"column":107}},"21":{"start":{"line":35,"column":2},"end":{"line":37,"column":3}},"22":{"start":{"line":36,"column":3},"end":{"line":36,"column":42}},"23":{"start":{"line":38,"column":2},"end":{"line":38,"column":47}},"24":{"start":{"line":38,"column":34},"end":{"line":38,"column":45}},"25":{"start":{"line":43,"column":19},"end":{"line":43,"column":101}},"26":{"start":{"line":44,"column":2},"end":{"line":46,"column":3}},"27":{"start":{"line":45,"column":3},"end":{"line":45,"column":57}},"28":{"start":{"line":47,"column":2},"end":{"line":47,"column":47}},"29":{"start":{"line":47,"column":34},"end":{"line":47,"column":45}},"30":{"start":{"line":52,"column":19},"end":{"line":52,"column":150}},"31":{"start":{"line":53,"column":2},"end":{"line":55,"column":3}},"32":{"start":{"line":54,"column":3},"end":{"line":54,"column":62}},"33":{"start":{"line":56,"column":2},"end":{"line":56,"column":47}},"34":{"start":{"line":56,"column":34},"end":{"line":56,"column":45}},"35":{"start":{"line":61,"column":19},"end":{"line":61,"column":132}},"36":{"start":{"line":62,"column":2},"end":{"line":64,"column":3}},"37":{"start":{"line":63,"column":3},"end":{"line":63,"column":55}},"38":{"start":{"line":65,"column":2},"end":{"line":65,"column":47}},"39":{"start":{"line":65,"column":34},"end":{"line":65,"column":45}},"40":{"start":{"line":69,"column":19},"end":{"line":69,"column":97}},"41":{"start":{"line":71,"column":2},"end":{"line":73,"column":3}},"42":{"start":{"line":72,"column":3},"end":{"line":72,"column":47}},"43":{"start":{"line":74,"column":2},"end":{"line":74,"column":47}},"44":{"start":{"line":74,"column":34},"end":{"line":74,"column":45}},"45":{"start":{"line":78,"column":19},"end":{"line":78,"column":102}},"46":{"start":{"line":80,"column":2},"end":{"line":82,"column":3}},"47":{"start":{"line":81,"column":3},"end":{"line":81,"column":52}},"48":{"start":{"line":83,"column":2},"end":{"line":83,"column":47}},"49":{"start":{"line":83,"column":34},"end":{"line":83,"column":45}},"50":{"start":{"line":87,"column":19},"end":{"line":87,"column":101}},"51":{"start":{"line":89,"column":2},"end":{"line":91,"column":3}},"52":{"start":{"line":90,"column":3},"end":{"line":90,"column":51}},"53":{"start":{"line":92,"column":2},"end":{"line":92,"column":47}},"54":{"start":{"line":92,"column":34},"end":{"line":92,"column":45}},"55":{"start":{"line":96,"column":16},"end":{"line":96,"column":26}},"56":{"start":{"line":97,"column":18},"end":{"line":97,"column":30}},"57":{"start":{"line":98,"column":19},"end":{"line":98,"column":32}},"58":{"start":{"line":99,"column":14},"end":{"line":99,"column":24}},"59":{"start":{"line":100,"column":18},"end":{"line":100,"column":47}},"60":{"start":{"line":101,"column":23},"end":{"line":101,"column":63}},"61":{"start":{"line":102,"column":20},"end":{"line":102,"column":34}},"62":{"start":{"line":104,"column":19},"end":{"line":110,"column":4}},"63":{"start":{"line":112,"column":17},"end":{"line":112,"column":41}},"64":{"start":{"line":113,"column":18},"end":{"line":113,"column":47}},"65":{"start":{"line":114,"column":2},"end":{"line":114,"column":17}},"66":{"start":{"line":118,"column":19},"end":{"line":121,"column":3}},"67":{"start":{"line":122,"column":2},"end":{"line":124,"column":3}},"68":{"start":{"line":123,"column":3},"end":{"line":123,"column":45}},"69":{"start":{"line":125,"column":2},"end":{"line":125,"column":36}},"70":{"start":{"line":129,"column":19},"end":{"line":129,"column":94}},"71":{"start":{"line":130,"column":2},"end":{"line":132,"column":3}},"72":{"start":{"line":131,"column":3},"end":{"line":131,"column":45}},"73":{"start":{"line":133,"column":2},"end":{"line":133,"column":36}},"74":{"start":{"line":137,"column":18},"end":{"line":137,"column":43}},"75":{"start":{"line":139,"column":2},"end":{"line":143,"column":3}},"76":{"start":{"line":140,"column":20},"end":{"line":140,"column":129}},"77":{"start":{"line":141,"column":9},"end":{"line":143,"column":3}},"78":{"start":{"line":142,"column":20},"end":{"line":142,"column":134}},"79":{"start":{"line":145,"column":2},"end":{"line":147,"column":3}},"80":{"start":{"line":146,"column":3},"end":{"line":146,"column":45}},"81":{"start":{"line":149,"column":2},"end":{"line":149,"column":17}},"82":{"start":{"line":153,"column":0},"end":{"line":153,"column":22}}},"fnMap":{"0":{"name":"(anonymous_0)","decl":{"start":{"line":4,"column":1},"end":{"line":4,"column":2}},"loc":{"start":{"line":4,"column":120},"end":{"line":15,"column":2}},"line":4},"1":{"name":"(anonymous_1)","decl":{"start":{"line":17,"column":1},"end":{"line":17,"column":2}},"loc":{"start":{"line":17,"column":23},"end":{"line":23,"column":2}},"line":17},"2":{"name":"(anonymous_2)","decl":{"start":{"line":22,"column":27},"end":{"line":22,"column":28}},"loc":{"start":{"line":22,"column":34},"end":{"line":22,"column":45}},"line":22},"3":{"name":"(anonymous_3)","decl":{"start":{"line":25,"column":1},"end":{"line":25,"column":2}},"loc":{"start":{"line":25,"column":29},"end":{"line":31,"column":2}},"line":25},"4":{"name":"(anonymous_4)","decl":{"start":{"line":33,"column":1},"end":{"line":33,"column":2}},"loc":{"start":{"line":33,"column":35},"end":{"line":39,"column":2}},"line":33},"5":{"name":"(anonymous_5)","decl":{"start":{"line":38,"column":27},"end":{"line":38,"column":28}},"loc":{"start":{"line":38,"column":34},"end":{"line":38,"column":45}},"line":38},"6":{"name":"(anonymous_6)","decl":{"start":{"line":42,"column":1},"end":{"line":42,"column":2}},"loc":{"start":{"line":42,"column":31},"end":{"line":48,"column":2}},"line":42},"7":{"name":"(anonymous_7)","decl":{"start":{"line":47,"column":27},"end":{"line":47,"column":28}},"loc":{"start":{"line":47,"column":34},"end":{"line":47,"column":45}},"line":47},"8":{"name":"(anonymous_8)","decl":{"start":{"line":51,"column":1},"end":{"line":51,"column":2}},"loc":{"start":{"line":51,"column":51},"end":{"line":57,"column":2}},"line":51},"9":{"name":"(anonymous_9)","decl":{"start":{"line":56,"column":27},"end":{"line":56,"column":28}},"loc":{"start":{"line":56,"column":34},"end":{"line":56,"column":45}},"line":56},"10":{"name":"(anonymous_10)","decl":{"start":{"line":60,"column":1},"end":{"line":60,"column":2}},"loc":{"start":{"line":60,"column":31},"end":{"line":66,"column":2}},"line":60},"11":{"name":"(anonymous_11)","decl":{"start":{"line":65,"column":27},"end":{"line":65,"column":28}},"loc":{"start":{"line":65,"column":34},"end":{"line":65,"column":45}},"line":65},"12":{"name":"(anonymous_12)","decl":{"start":{"line":68,"column":1},"end":{"line":68,"column":2}},"loc":{"start":{"line":68,"column":27},"end":{"line":75,"column":2}},"line":68},"13":{"name":"(anonymous_13)","decl":{"start":{"line":74,"column":27},"end":{"line":74,"column":28}},"loc":{"start":{"line":74,"column":34},"end":{"line":74,"column":45}},"line":74},"14":{"name":"(anonymous_14)","decl":{"start":{"line":77,"column":1},"end":{"line":77,"column":2}},"loc":{"start":{"line":77,"column":32},"end":{"line":84,"column":2}},"line":77},"15":{"name":"(anonymous_15)","decl":{"start":{"line":83,"column":27},"end":{"line":83,"column":28}},"loc":{"start":{"line":83,"column":34},"end":{"line":83,"column":45}},"line":83},"16":{"name":"(anonymous_16)","decl":{"start":{"line":86,"column":1},"end":{"line":86,"column":2}},"loc":{"start":{"line":86,"column":31},"end":{"line":93,"column":2}},"line":86},"17":{"name":"(anonymous_17)","decl":{"start":{"line":92,"column":27},"end":{"line":92,"column":28}},"loc":{"start":{"line":92,"column":34},"end":{"line":92,"column":45}},"line":92},"18":{"name":"(anonymous_18)","decl":{"start":{"line":95,"column":1},"end":{"line":95,"column":2}},"loc":{"start":{"line":95,"column":27},"end":{"line":115,"column":2}},"line":95},"19":{"name":"(anonymous_19)","decl":{"start":{"line":117,"column":1},"end":{"line":117,"column":2}},"loc":{"start":{"line":117,"column":27},"end":{"line":126,"column":2}},"line":117},"20":{"name":"(anonymous_20)","decl":{"start":{"line":128,"column":1},"end":{"line":128,"column":2}},"loc":{"start":{"line":128,"column":28},"end":{"line":134,"column":2}},"line":128},"21":{"name":"(anonymous_21)","decl":{"start":{"line":136,"column":1},"end":{"line":136,"column":2}},"loc":{"start":{"line":136,"column":31},"end":{"line":150,"column":2}},"line":136}},"branchMap":{"0":{"loc":{"start":{"line":19,"column":2},"end":{"line":21,"column":3}},"type":"if","locations":[{"start":{"line":19,"column":2},"end":{"line":21,"column":3}},{"start":{},"end":{}}],"line":19},"1":{"loc":{"start":{"line":27,"column":2},"end":{"line":29,"column":3}},"type":"if","locations":[{"start":{"line":27,"column":2},"end":{"line":29,"column":3}},{"start":{},"end":{}}],"line":27},"2":{"loc":{"start":{"line":35,"column":2},"end":{"line":37,"column":3}},"type":"if","locations":[{"start":{"line":35,"column":2},"end":{"line":37,"column":3}},{"start":{},"end":{}}],"line":35},"3":{"loc":{"start":{"line":44,"column":2},"end":{"line":46,"column":3}},"type":"if","locations":[{"start":{"line":44,"column":2},"end":{"line":46,"column":3}},{"start":{},"end":{}}],"line":44},"4":{"loc":{"start":{"line":53,"column":2},"end":{"line":55,"column":3}},"type":"if","locations":[{"start":{"line":53,"column":2},"end":{"line":55,"column":3}},{"start":{},"end":{}}],"line":53},"5":{"loc":{"start":{"line":62,"column":2},"end":{"line":64,"column":3}},"type":"if","locations":[{"start":{"line":62,"column":2},"end":{"line":64,"column":3}},{"start":{},"end":{}}],"line":62},"6":{"loc":{"start":{"line":71,"column":2},"end":{"line":73,"column":3}},"type":"if","locations":[{"start":{"line":71,"column":2},"end":{"line":73,"column":3}},{"start":{},"end":{}}],"line":71},"7":{"loc":{"start":{"line":80,"column":2},"end":{"line":82,"column":3}},"type":"if","locations":[{"start":{"line":80,"column":2},"end":{"line":82,"column":3}},{"start":{},"end":{}}],"line":80},"8":{"loc":{"start":{"line":89,"column":2},"end":{"line":91,"column":3}},"type":"if","locations":[{"start":{"line":89,"column":2},"end":{"line":91,"column":3}},{"start":{},"end":{}}],"line":89},"9":{"loc":{"start":{"line":122,"column":2},"end":{"line":124,"column":3}},"type":"if","locations":[{"start":{"line":122,"column":2},"end":{"line":124,"column":3}},{"start":{},"end":{}}],"line":122},"10":{"loc":{"start":{"line":130,"column":2},"end":{"line":132,"column":3}},"type":"if","locations":[{"start":{"line":130,"column":2},"end":{"line":132,"column":3}},{"start":{},"end":{}}],"line":130},"11":{"loc":{"start":{"line":139,"column":2},"end":{"line":143,"column":3}},"type":"if","locations":[{"start":{"line":139,"column":2},"end":{"line":143,"column":3}},{"start":{"line":141,"column":9},"end":{"line":143,"column":3}}],"line":139},"12":{"loc":{"start":{"line":141,"column":9},"end":{"line":143,"column":3}},"type":"if","locations":[{"start":{"line":141,"column":9},"end":{"line":143,"column":3}},{"start":{},"end":{}}],"line":141},"13":{"loc":{"start":{"line":145,"column":2},"end":{"line":147,"column":3}},"type":"if","locations":[{"start":{"line":145,"column":2},"end":{"line":147,"column":3}},{"start":{},"end":{}}],"line":145}},"s":{"0":1,"1":0,"2":0,"3":0,"4":0,"5":0,"6":0,"7":0,"8":0,"9":0,"10":0,"11":0,"12":0,"13":0,"14":0,"15":0,"16":0,"17":0,"18":0,"19":0,"20":0,"21":0,"22":0,"23":0,"24":0,"25":0,"26":0,"27":0,"28":0,"29":0,"30":0,"31":0,"32":0,"33":0,"34":0,"35":0,"36":0,"37":0,"38":0,"39":0,"40":0,"41":0,"42":0,"43":0,"44":0,"45":0,"46":0,"47":0,"48":0,"49":0,"50":0,"51":0,"52":0,"53":0,"54":0,"55":0,"56":0,"57":0,"58":0,"59":0,"60":0,"61":0,"62":0,"63":0,"64":0,"65":0,"66":0,"67":0,"68":0,"69":0,"70":0,"71":0,"72":0,"73":0,"74":0,"75":0,"76":0,"77":0,"78":0,"79":0,"80":0,"81":0,"82":1},"f":{"0":0,"1":0,"2":0,"3":0,"4":0,"5":0,"6":0,"7":0,"8":0,"9":0,"10":0,"11":0,"12":0,"13":0,"14":0,"15":0,"16":0,"17":0,"18":0,"19":0,"20":0,"21":0},"b":{"0":[0,0],"1":[0,0],"2":[0,0],"3":[0,0],"4":[0,0],"5":[0,0],"6":[0,0],"7":[0,0],"8":[0,0],"9":[0,0],"10":[0,0],"11":[0,0],"12":[0,0],"13":[0,0]},"_coverageSchema":"1a1c01bbd47fc00a2c39e90264f33305004495a9","hash":"10b3f210e024b5b2225d280d5abe7948cc764c18"}
,"C:\\Users\\ajaya\\Documents\\LaFosse\\Lap2\\FlorinConnect\\Back-End\\FlorinConnect_server\\models\\User.js": {"path":"C:\\Users\\ajaya\\Documents\\LaFosse\\Lap2\\FlorinConnect\\Back-End\\FlorinConnect_server\\models\\User.js","statementMap":{"0":{"start":{"line":1,"column":11},"end":{"line":1,"column":36}},"1":{"start":{"line":5,"column":2},"end":{"line":5,"column":20}},"2":{"start":{"line":6,"column":2},"end":{"line":6,"column":27}},"3":{"start":{"line":7,"column":2},"end":{"line":7,"column":27}},"4":{"start":{"line":8,"column":2},"end":{"line":8,"column":21}},"5":{"start":{"line":12,"column":19},"end":{"line":12,"column":56}},"6":{"start":{"line":13,"column":2},"end":{"line":15,"column":3}},"7":{"start":{"line":14,"column":3},"end":{"line":14,"column":44}},"8":{"start":{"line":16,"column":2},"end":{"line":16,"column":47}},"9":{"start":{"line":16,"column":34},"end":{"line":16,"column":45}},"10":{"start":{"line":20,"column":19},"end":{"line":20,"column":81}},"11":{"start":{"line":22,"column":2},"end":{"line":24,"column":3}},"12":{"start":{"line":23,"column":3},"end":{"line":23,"column":51}},"13":{"start":{"line":25,"column":2},"end":{"line":25,"column":36}},"14":{"start":{"line":29,"column":19},"end":{"line":29,"column":89}},"15":{"start":{"line":31,"column":2},"end":{"line":33,"column":3}},"16":{"start":{"line":32,"column":3},"end":{"line":32,"column":57}},"17":{"start":{"line":34,"column":2},"end":{"line":34,"column":36}},"18":{"start":{"line":38,"column":19},"end":{"line":38,"column":76}},"19":{"start":{"line":40,"column":2},"end":{"line":42,"column":3}},"20":{"start":{"line":41,"column":3},"end":{"line":41,"column":61}},"21":{"start":{"line":44,"column":2},"end":{"line":44,"column":23}},"22":{"start":{"line":48,"column":33},"end":{"line":48,"column":37}},"23":{"start":{"line":49,"column":19},"end":{"line":49,"column":132}},"24":{"start":{"line":50,"column":16},"end":{"line":50,"column":40}},"25":{"start":{"line":51,"column":18},"end":{"line":51,"column":46}},"26":{"start":{"line":52,"column":2},"end":{"line":52,"column":17}},"27":{"start":{"line":57,"column":35},"end":{"line":57,"column":39}},"28":{"start":{"line":58,"column":21},"end":{"line":61,"column":5}},"29":{"start":{"line":63,"column":4},"end":{"line":65,"column":5}},"30":{"start":{"line":64,"column":6},"end":{"line":64,"column":23}},"31":{"start":{"line":66,"column":4},"end":{"line":66,"column":38}},"32":{"start":{"line":71,"column":19},"end":{"line":71,"column":113}},"33":{"start":{"line":73,"column":2},"end":{"line":75,"column":3}},"34":{"start":{"line":74,"column":3},"end":{"line":74,"column":48}},"35":{"start":{"line":76,"column":2},"end":{"line":76,"column":36}},"36":{"start":{"line":80,"column":19},"end":{"line":80,"column":103}},"37":{"start":{"line":82,"column":2},"end":{"line":84,"column":3}},"38":{"start":{"line":83,"column":3},"end":{"line":83,"column":48}},"39":{"start":{"line":85,"column":2},"end":{"line":85,"column":36}},"40":{"start":{"line":89,"column":0},"end":{"line":89,"column":22}}},"fnMap":{"0":{"name":"(anonymous_0)","decl":{"start":{"line":4,"column":1},"end":{"line":4,"column":2}},"loc":{"start":{"line":4,"column":53},"end":{"line":9,"column":2}},"line":4},"1":{"name":"(anonymous_1)","decl":{"start":{"line":11,"column":1},"end":{"line":11,"column":2}},"loc":{"start":{"line":11,"column":23},"end":{"line":17,"column":2}},"line":11},"2":{"name":"(anonymous_2)","decl":{"start":{"line":16,"column":27},"end":{"line":16,"column":28}},"loc":{"start":{"line":16,"column":34},"end":{"line":16,"column":45}},"line":16},"3":{"name":"(anonymous_3)","decl":{"start":{"line":19,"column":1},"end":{"line":19,"column":2}},"loc":{"start":{"line":19,"column":29},"end":{"line":26,"column":2}},"line":19},"4":{"name":"(anonymous_4)","decl":{"start":{"line":28,"column":1},"end":{"line":28,"column":2}},"loc":{"start":{"line":28,"column":41},"end":{"line":35,"column":2}},"line":28},"5":{"name":"(anonymous_5)","decl":{"start":{"line":37,"column":1},"end":{"line":37,"column":2}},"loc":{"start":{"line":37,"column":25},"end":{"line":45,"column":2}},"line":37},"6":{"name":"(anonymous_6)","decl":{"start":{"line":47,"column":1},"end":{"line":47,"column":2}},"loc":{"start":{"line":47,"column":27},"end":{"line":53,"column":2}},"line":47},"7":{"name":"(anonymous_7)","decl":{"start":{"line":56,"column":2},"end":{"line":56,"column":3}},"loc":{"start":{"line":56,"column":33},"end":{"line":67,"column":3}},"line":56},"8":{"name":"(anonymous_8)","decl":{"start":{"line":69,"column":1},"end":{"line":69,"column":2}},"loc":{"start":{"line":69,"column":20},"end":{"line":77,"column":2}},"line":69},"9":{"name":"(anonymous_9)","decl":{"start":{"line":79,"column":1},"end":{"line":79,"column":2}},"loc":{"start":{"line":79,"column":17},"end":{"line":86,"column":2}},"line":79}},"branchMap":{"0":{"loc":{"start":{"line":13,"column":2},"end":{"line":15,"column":3}},"type":"if","locations":[{"start":{"line":13,"column":2},"end":{"line":15,"column":3}},{"start":{},"end":{}}],"line":13},"1":{"loc":{"start":{"line":22,"column":2},"end":{"line":24,"column":3}},"type":"if","locations":[{"start":{"line":22,"column":2},"end":{"line":24,"column":3}},{"start":{},"end":{}}],"line":22},"2":{"loc":{"start":{"line":31,"column":2},"end":{"line":33,"column":3}},"type":"if","locations":[{"start":{"line":31,"column":2},"end":{"line":33,"column":3}},{"start":{},"end":{}}],"line":31},"3":{"loc":{"start":{"line":40,"column":2},"end":{"line":42,"column":3}},"type":"if","locations":[{"start":{"line":40,"column":2},"end":{"line":42,"column":3}},{"start":{},"end":{}}],"line":40},"4":{"loc":{"start":{"line":63,"column":4},"end":{"line":65,"column":5}},"type":"if","locations":[{"start":{"line":63,"column":4},"end":{"line":65,"column":5}},{"start":{},"end":{}}],"line":63},"5":{"loc":{"start":{"line":73,"column":2},"end":{"line":75,"column":3}},"type":"if","locations":[{"start":{"line":73,"column":2},"end":{"line":75,"column":3}},{"start":{},"end":{}}],"line":73},"6":{"loc":{"start":{"line":82,"column":2},"end":{"line":84,"column":3}},"type":"if","locations":[{"start":{"line":82,"column":2},"end":{"line":84,"column":3}},{"start":{},"end":{}}],"line":82}},"s":{"0":1,"1":0,"2":0,"3":0,"4":0,"5":1,"6":0,"7":0,"8":0,"9":0,"10":0,"11":0,"12":0,"13":0,"14":0,"15":0,"16":0,"17":0,"18":0,"19":0,"20":0,"21":0,"22":0,"23":0,"24":0,"25":0,"26":0,"27":0,"28":0,"29":0,"30":0,"31":0,"32":0,"33":0,"34":0,"35":0,"36":0,"37":0,"38":0,"39":0,"40":1},"f":{"0":0,"1":1,"2":0,"3":0,"4":0,"5":0,"6":0,"7":0,"8":0,"9":0},"b":{"0":[0,0],"1":[0,0],"2":[0,0],"3":[0,0],"4":[0,0],"5":[0,0],"6":[0,0]},"_coverageSchema":"1a1c01bbd47fc00a2c39e90264f33305004495a9","hash":"8c70c985460f8efe65acce5bca520f856c15660f"}
,"C:\\Users\\ajaya\\Documents\\LaFosse\\Lap2\\FlorinConnect\\Back-End\\FlorinConnect_server\\models\\token.js": {"path":"C:\\Users\\ajaya\\Documents\\LaFosse\\Lap2\\FlorinConnect\\Back-End\\FlorinConnect_server\\models\\token.js","statementMap":{"0":{"start":{"line":1,"column":23},"end":{"line":1,"column":38}},"1":{"start":{"line":3,"column":11},"end":{"line":3,"column":36}},"2":{"start":{"line":7,"column":4},"end":{"line":7,"column":29}},"3":{"start":{"line":8,"column":4},"end":{"line":8,"column":27}},"4":{"start":{"line":9,"column":4},"end":{"line":9,"column":23}},"5":{"start":{"line":13,"column":18},"end":{"line":13,"column":26}},"6":{"start":{"line":14,"column":21},"end":{"line":17,"column":5}},"7":{"start":{"line":18,"column":18},"end":{"line":18,"column":43}},"8":{"start":{"line":19,"column":21},"end":{"line":19,"column":50}},"9":{"start":{"line":20,"column":4},"end":{"line":20,"column":20}},"10":{"start":{"line":24,"column":21},"end":{"line":26,"column":6}},"11":{"start":{"line":27,"column":4},"end":{"line":31,"column":5}},"12":{"start":{"line":28,"column":6},"end":{"line":28,"column":49}},"13":{"start":{"line":30,"column":6},"end":{"line":30,"column":41}},"14":{"start":{"line":35,"column":21},"end":{"line":37,"column":6}},"15":{"start":{"line":38,"column":4},"end":{"line":42,"column":5}},"16":{"start":{"line":39,"column":6},"end":{"line":39,"column":49}},"17":{"start":{"line":41,"column":6},"end":{"line":41,"column":41}},"18":{"start":{"line":46,"column":21},"end":{"line":48,"column":6}},"19":{"start":{"line":167,"column":0},"end":{"line":167,"column":23}}},"fnMap":{"0":{"name":"(anonymous_0)","decl":{"start":{"line":6,"column":2},"end":{"line":6,"column":3}},"loc":{"start":{"line":6,"column":44},"end":{"line":10,"column":3}},"line":6},"1":{"name":"(anonymous_1)","decl":{"start":{"line":12,"column":2},"end":{"line":12,"column":3}},"loc":{"start":{"line":12,"column":31},"end":{"line":21,"column":3}},"line":12},"2":{"name":"(anonymous_2)","decl":{"start":{"line":23,"column":2},"end":{"line":23,"column":3}},"loc":{"start":{"line":23,"column":30},"end":{"line":32,"column":3}},"line":23},"3":{"name":"(anonymous_3)","decl":{"start":{"line":34,"column":2},"end":{"line":34,"column":3}},"loc":{"start":{"line":34,"column":36},"end":{"line":43,"column":3}},"line":34},"4":{"name":"(anonymous_4)","decl":{"start":{"line":45,"column":2},"end":{"line":45,"column":3}},"loc":{"start":{"line":45,"column":34},"end":{"line":49,"column":3}},"line":45}},"branchMap":{"0":{"loc":{"start":{"line":27,"column":4},"end":{"line":31,"column":5}},"type":"if","locations":[{"start":{"line":27,"column":4},"end":{"line":31,"column":5}},{"start":{"line":29,"column":11},"end":{"line":31,"column":5}}],"line":27},"1":{"loc":{"start":{"line":38,"column":4},"end":{"line":42,"column":5}},"type":"if","locations":[{"start":{"line":38,"column":4},"end":{"line":42,"column":5}},{"start":{"line":40,"column":11},"end":{"line":42,"column":5}}],"line":38}},"s":{"0":1,"1":1,"2":0,"3":0,"4":0,"5":0,"6":0,"7":0,"8":0,"9":0,"10":0,"11":0,"12":0,"13":0,"14":0,"15":0,"16":0,"17":0,"18":0,"19":1},"f":{"0":0,"1":0,"2":0,"3":0,"4":0},"b":{"0":[0,0],"1":[0,0]},"_coverageSchema":"1a1c01bbd47fc00a2c39e90264f33305004495a9","hash":"3f1abcbd89258c5dc86cae1feb3794f34dc32811"}
,"C:\\Users\\ajaya\\Documents\\LaFosse\\Lap2\\FlorinConnect\\Back-End\\FlorinConnect_server\\routers\\postsRoutes.js": {"path":"C:\\Users\\ajaya\\Documents\\LaFosse\\Lap2\\FlorinConnect\\Back-End\\FlorinConnect_server\\routers\\postsRoutes.js","statementMap":{"0":{"start":{"line":1,"column":19},"end":{"line":1,"column":37}},"1":{"start":{"line":3,"column":24},"end":{"line":3,"column":66}},"2":{"start":{"line":5,"column":20},"end":{"line":5,"column":28}},"3":{"start":{"line":7,"column":0},"end":{"line":7,"column":79}},"4":{"start":{"line":9,"column":0},"end":{"line":17,"column":60}},"5":{"start":{"line":19,"column":0},"end":{"line":23,"column":35}},"6":{"start":{"line":25,"column":0},"end":{"line":25,"column":29}}},"fnMap":{},"branchMap":{},"s":{"0":1,"1":1,"2":1,"3":1,"4":1,"5":1,"6":1},"f":{},"b":{},"_coverageSchema":"1a1c01bbd47fc00a2c39e90264f33305004495a9","hash":"a6a1b3d7d8b404e707298567ec095e440f4fc673"}
,"C:\\Users\\ajaya\\Documents\\LaFosse\\Lap2\\FlorinConnect\\Back-End\\FlorinConnect_server\\routers\\usersRoutes.js": {"path":"C:\\Users\\ajaya\\Documents\\LaFosse\\Lap2\\FlorinConnect\\Back-End\\FlorinConnect_server\\routers\\usersRoutes.js","statementMap":{"0":{"start":{"line":1,"column":19},"end":{"line":1,"column":37}},"1":{"start":{"line":2,"column":23},"end":{"line":2,"column":64}},"2":{"start":{"line":4,"column":19},"end":{"line":4,"column":27}},"3":{"start":{"line":6,"column":0},"end":{"line":6,"column":80}},"4":{"start":{"line":7,"column":0},"end":{"line":7,"column":57}},"5":{"start":{"line":8,"column":0},"end":{"line":8,"column":60}},"6":{"start":{"line":10,"column":0},"end":{"line":10,"column":87}},"7":{"start":{"line":11,"column":0},"end":{"line":11,"column":106}},"8":{"start":{"line":13,"column":0},"end":{"line":13,"column":28}}},"fnMap":{},"branchMap":{},"s":{"0":1,"1":1,"2":1,"3":1,"4":1,"5":1,"6":1,"7":1,"8":1},"f":{},"b":{},"_coverageSchema":"1a1c01bbd47fc00a2c39e90264f33305004495a9","hash":"8356411e765c3d39728985a52a3218583d6d6c3a"}
}
